<?xml version="1.0" encoding="UTF-8"?>
<!-- Generated by org.testng.reporters.JUnitXMLReporter -->
<testsuite ignored="1" hostname="LAPTOP-UB5N5LG1" failures="0" tests="12" name="Test" time="0.157" errors="0" timestamp="2023-07-10T08:27:23 IST">
  <testcase classname="testng.TestngAnnotations" name="openapplication" time="0.008"/>
  <testcase classname="testng.TestngAnnotations" name="searchproduct" time="0.001"/>
  <testcase classname="testng.TestngAnnotations" name="addtocart" time="0.004"/>
  <testcase classname="testng.TestngAnnotations" name="checkout" time="0.001"/>
  <testcase classname="testng.TestngAnnotations" name="login" time="0.003"/>
  <testcase classname="testng.TestngAnnotations" name="billpayment" time="0.002"/>
  <testcase classname="testng1.NewTest" name="billpayment" time="0.004"/>
  <testcase classname="testng1.NewTest" name="collectfood" time="0.003"/>
  <testcase classname="testng1.NewTest" name="location" time="0.001"/>
  <testcase classname="testng1.NewTest" name="opentheapp" time="0.0"/>
  <testcase classname="testng1.NewTest" name="placeorder" time="0.0"/>
  <testcase classname="testng1.NewTest" name="restaurantselection" time="0.003"/>
  <testcase classname="testng.TestngAnnotations" name="conclusion" time="0.0">
    <ignored/>
  </testcase> <!-- conclusion -->
</testsuite> <!-- Test -->
