<?xml version="1.0" encoding="UTF-8"?>
<!-- Generated by org.testng.reporters.JUnitXMLReporter -->
<testsuite ignored="0" hostname="LAPTOP-UB5N5LG1" failures="0" tests="6" name="Default test" time="0.103" errors="0" timestamp="2023-06-28T07:17:07 IST">
  <testcase classname="testng1.NewTest" name="billpayment" time="0.005"/>
  <testcase classname="testng1.NewTest" name="collectfood" time="0.006"/>
  <testcase classname="testng1.NewTest" name="location" time="0.004"/>
  <testcase classname="testng1.NewTest" name="opentheapp" time="0.006"/>
  <testcase classname="testng1.NewTest" name="placeorder" time="0.008"/>
  <testcase classname="testng1.NewTest" name="restaurantselection" time="0.003"/>
</testsuite> <!-- Default test -->
