<?xml version="1.0" encoding="UTF-8"?>
<!-- Generated by org.testng.reporters.JUnitXMLReporter -->
<testsuite ignored="11" hostname="LAPTOP-UB5N5LG1" failures="0" tests="2" name="Test" time="0.106" errors="0" timestamp="2023-06-28T10:10:51 IST">
  <testcase classname="testng.TestngAnnotations" name="openapplication" time="0.017"/>
  <testcase classname="testng1.NewTest" name="opentheapp" time="0.002"/>
  <testcase classname="testng.TestngAnnotations" name="login" time="0.0">
    <ignored/>
  </testcase> <!-- login -->
  <testcase classname="testng.TestngAnnotations" name="addtocart" time="0.0">
    <ignored/>
  </testcase> <!-- addtocart -->
  <testcase classname="testng.TestngAnnotations" name="searchproduct" time="0.0">
    <ignored/>
  </testcase> <!-- searchproduct -->
  <testcase classname="testng.TestngAnnotations" name="checkout" time="0.0">
    <ignored/>
  </testcase> <!-- checkout -->
  <testcase classname="testng1.NewTest" name="collectfood" time="0.0">
    <ignored/>
  </testcase> <!-- collectfood -->
  <testcase classname="testng.TestngAnnotations" name="conclusion" time="0.0">
    <ignored/>
  </testcase> <!-- conclusion -->
  <testcase classname="testng.TestngAnnotations" name="billpayment" time="0.0">
    <ignored/>
  </testcase> <!-- billpayment -->
  <testcase classname="testng1.NewTest" name="location" time="0.0">
    <ignored/>
  </testcase> <!-- location -->
  <testcase classname="testng1.NewTest" name="restaurantselection" time="0.0">
    <ignored/>
  </testcase> <!-- restaurantselection -->
  <testcase classname="testng1.NewTest" name="placeorder" time="0.0">
    <ignored/>
  </testcase> <!-- placeorder -->
  <testcase classname="testng1.NewTest" name="billpayment" time="0.0">
    <ignored/>
  </testcase> <!-- billpayment -->
</testsuite> <!-- Test -->
