<?xml version="1.0" encoding="UTF-8"?>
<!-- Generated by org.testng.reporters.JUnitXMLReporter -->
<testsuite ignored="0" hostname="LAPTOP-UB5N5LG1" failures="0" tests="6" name="Testsuite" time="0.102" errors="0" timestamp="2023-06-28T07:01:36 IST">
  <testcase classname="testng.TestngAnnotations" name="openapplication" time="0.004"/>
  <testcase classname="testng.TestngAnnotations" name="searchproduct" time="0.006"/>
  <testcase classname="testng.TestngAnnotations" name="addtocart" time="0.003"/>
  <testcase classname="testng.TestngAnnotations" name="checkout" time="0.006"/>
  <testcase classname="testng.TestngAnnotations" name="login" time="0.005"/>
  <testcase classname="testng.TestngAnnotations" name="billpayment" time="0.003"/>
</testsuite> <!-- Testsuite -->
